[debug] [2023-01-05T19:34:48.734Z] ----------------------------------------------------------------------
[debug] [2023-01-05T19:34:48.736Z] Command:       C:\Program Files\nodejs\node.exe C:\Users\Trabajo\AppData\Roaming\npm\node_modules\firebase-tools\lib\bin\firebase.js deploy
[debug] [2023-01-05T19:34:48.736Z] CLI Version:   11.19.0
[debug] [2023-01-05T19:34:48.737Z] Platform:      win32
[debug] [2023-01-05T19:34:48.737Z] Node Version:  v16.16.0
[debug] [2023-01-05T19:34:48.738Z] Time:          Thu Jan 05 2023 16:34:48 GMT-0300 (hora estándar de Argentina)
[debug] [2023-01-05T19:34:48.738Z] ----------------------------------------------------------------------
[debug] 
[debug] [2023-01-05T19:34:48.743Z] >>> [apiv2][query] GET https://firebase-public.firebaseio.com/cli.json [none]
[debug] [2023-01-05T19:34:48.848Z] > command requires scopes: ["email","openid","https://www.googleapis.com/auth/cloudplatformprojects.readonly","https://www.googleapis.com/auth/firebase","https://www.googleapis.com/auth/cloud-platform"]
[debug] [2023-01-05T19:34:48.848Z] > authorizing via signed-in user (lucascastro2929@gmail.com)
[debug] [2023-01-05T19:34:48.849Z] [iam] checking project huerta-249 for permissions ["firebase.projects.get","firebasehosting.sites.update"]
[debug] [2023-01-05T19:34:48.850Z] > refreshing access token with scopes: []
[debug] [2023-01-05T19:34:48.851Z] >>> [apiv2][query] POST https://www.googleapis.com/oauth2/v3/token [none]
[debug] [2023-01-05T19:34:48.851Z] >>> [apiv2][body] POST https://www.googleapis.com/oauth2/v3/token [omitted]
[debug] [2023-01-05T19:34:49.180Z] <<< [apiv2][status] POST https://www.googleapis.com/oauth2/v3/token 400
[debug] [2023-01-05T19:34:49.180Z] <<< [apiv2][body] POST https://www.googleapis.com/oauth2/v3/token [omitted]
[debug] [2023-01-05T19:34:49.181Z] >>> [apiv2][query] POST https://cloudresourcemanager.googleapis.com/v1/projects/huerta-249:testIamPermissions [none]
[debug] [2023-01-05T19:34:49.181Z] >>> [apiv2][(partial)header] POST https://cloudresourcemanager.googleapis.com/v1/projects/huerta-249:testIamPermissions x-goog-quota-user=projects/huerta-249
[debug] [2023-01-05T19:34:49.181Z] >>> [apiv2][body] POST https://cloudresourcemanager.googleapis.com/v1/projects/huerta-249:testIamPermissions {"permissions":["firebase.projects.get","firebasehosting.sites.update"]}
[debug] [2023-01-05T19:34:49.278Z] <<< [apiv2][status] GET https://firebase-public.firebaseio.com/cli.json 200
[debug] [2023-01-05T19:34:49.278Z] <<< [apiv2][body] GET https://firebase-public.firebaseio.com/cli.json {"cloudBuildErrorAfter":1594252800000,"cloudBuildWarnAfter":1590019200000,"defaultNode10After":1594252800000,"minVersion":"3.0.5","node8DeploysDisabledAfter":1613390400000,"node8RuntimeDisabledAfter":1615809600000,"node8WarnAfter":1600128000000}
[debug] [2023-01-05T19:34:50.168Z] <<< [apiv2][status] POST https://cloudresourcemanager.googleapis.com/v1/projects/huerta-249:testIamPermissions 401
[debug] [2023-01-05T19:34:50.168Z] <<< [apiv2][body] POST https://cloudresourcemanager.googleapis.com/v1/projects/huerta-249:testIamPermissions {"error":{"code":401,"message":"Request had invalid authentication credentials. Expected OAuth 2 access token, login cookie or other valid authentication credential. See https://developers.google.com/identity/sign-in/web/devconsole-project.","status":"UNAUTHENTICATED","details":[{"@type":"type.googleapis.com/google.rpc.ErrorInfo","reason":"ACCESS_TOKEN_TYPE_UNSUPPORTED","metadata":{"service":"cloudresourcemanager.googleapis.com","method":"google.cloudresourcemanager.v1.Projects.TestIamPermissions"}}]}}
[debug] [2023-01-05T19:34:50.169Z] [iam] error while checking permissions, command may fail: FirebaseError: HTTP Error: 401, Request had invalid authentication credentials. Expected OAuth 2 access token, login cookie or other valid authentication credential. See https://developers.google.com/identity/sign-in/web/devconsole-project.
[debug] [2023-01-05T19:34:50.169Z] > refreshing access token with scopes: []
[debug] [2023-01-05T19:34:50.170Z] >>> [apiv2][query] POST https://www.googleapis.com/oauth2/v3/token [none]
[debug] [2023-01-05T19:34:50.170Z] >>> [apiv2][body] POST https://www.googleapis.com/oauth2/v3/token [omitted]
[debug] [2023-01-05T19:34:50.283Z] <<< [apiv2][status] POST https://www.googleapis.com/oauth2/v3/token 400
[debug] [2023-01-05T19:34:50.283Z] <<< [apiv2][body] POST https://www.googleapis.com/oauth2/v3/token [omitted]
[debug] [2023-01-05T19:34:50.284Z] >>> [apiv2][query] GET https://firebase.googleapis.com/v1beta1/projects/huerta-249 [none]
[debug] [2023-01-05T19:34:50.388Z] <<< [apiv2][status] GET https://firebase.googleapis.com/v1beta1/projects/huerta-249 401
[debug] [2023-01-05T19:34:50.388Z] <<< [apiv2][body] GET https://firebase.googleapis.com/v1beta1/projects/huerta-249 {"error":{"code":401,"message":"Request had invalid authentication credentials. Expected OAuth 2 access token, login cookie or other valid authentication credential. See https://developers.google.com/identity/sign-in/web/devconsole-project.","status":"UNAUTHENTICATED"}}
[debug] [2023-01-05T19:34:50.389Z] HTTP Error: 401, Request had invalid authentication credentials. Expected OAuth 2 access token, login cookie or other valid authentication credential. See https://developers.google.com/identity/sign-in/web/devconsole-project.
[debug] [2023-01-05T19:34:50.497Z] FirebaseError: HTTP Error: 401, Request had invalid authentication credentials. Expected OAuth 2 access token, login cookie or other valid authentication credential. See https://developers.google.com/identity/sign-in/web/devconsole-project.
    at responseToError (C:\Users\Trabajo\AppData\Roaming\npm\node_modules\firebase-tools\lib\responseToError.js:49:12)
    at RetryOperation._fn (C:\Users\Trabajo\AppData\Roaming\npm\node_modules\firebase-tools\lib\apiv2.js:288:77)
    at processTicksAndRejections (node:internal/process/task_queues:96:5)
[error] 
[error] Error: Failed to get Firebase project huerta-249. Please make sure the project exists and your account has permission to access it.
[debug] [2023-01-05T19:36:45.637Z] ----------------------------------------------------------------------
[debug] [2023-01-05T19:36:45.640Z] Command:       C:\Program Files\nodejs\node.exe C:\Users\Trabajo\AppData\Roaming\npm\node_modules\firebase-tools\lib\bin\firebase.js deploy --only hosting
[debug] [2023-01-05T19:36:45.641Z] CLI Version:   11.19.0
[debug] [2023-01-05T19:36:45.641Z] Platform:      win32
[debug] [2023-01-05T19:36:45.641Z] Node Version:  v16.16.0
[debug] [2023-01-05T19:36:45.642Z] Time:          Thu Jan 05 2023 16:36:45 GMT-0300 (hora estándar de Argentina)
[debug] [2023-01-05T19:36:45.643Z] ----------------------------------------------------------------------
[debug] 
[debug] [2023-01-05T19:36:45.727Z] > command requires scopes: ["email","openid","https://www.googleapis.com/auth/cloudplatformprojects.readonly","https://www.googleapis.com/auth/firebase","https://www.googleapis.com/auth/cloud-platform"]
[debug] [2023-01-05T19:36:45.728Z] > authorizing via signed-in user (lucascastro2929@gmail.com)
[debug] [2023-01-05T19:36:45.728Z] [iam] checking project huerta-249 for permissions ["firebase.projects.get","firebasehosting.sites.update"]
[debug] [2023-01-05T19:36:45.730Z] > refreshing access token with scopes: []
[debug] [2023-01-05T19:36:45.732Z] >>> [apiv2][query] POST https://www.googleapis.com/oauth2/v3/token [none]
[debug] [2023-01-05T19:36:45.732Z] >>> [apiv2][body] POST https://www.googleapis.com/oauth2/v3/token [omitted]
[debug] [2023-01-05T19:36:45.882Z] <<< [apiv2][status] POST https://www.googleapis.com/oauth2/v3/token 400
[debug] [2023-01-05T19:36:45.882Z] <<< [apiv2][body] POST https://www.googleapis.com/oauth2/v3/token [omitted]
[debug] [2023-01-05T19:36:45.882Z] >>> [apiv2][query] POST https://cloudresourcemanager.googleapis.com/v1/projects/huerta-249:testIamPermissions [none]
[debug] [2023-01-05T19:36:45.882Z] >>> [apiv2][(partial)header] POST https://cloudresourcemanager.googleapis.com/v1/projects/huerta-249:testIamPermissions x-goog-quota-user=projects/huerta-249
[debug] [2023-01-05T19:36:45.882Z] >>> [apiv2][body] POST https://cloudresourcemanager.googleapis.com/v1/projects/huerta-249:testIamPermissions {"permissions":["firebase.projects.get","firebasehosting.sites.update"]}
[debug] [2023-01-05T19:36:46.773Z] <<< [apiv2][status] POST https://cloudresourcemanager.googleapis.com/v1/projects/huerta-249:testIamPermissions 401
[debug] [2023-01-05T19:36:46.773Z] <<< [apiv2][body] POST https://cloudresourcemanager.googleapis.com/v1/projects/huerta-249:testIamPermissions {"error":{"code":401,"message":"Request had invalid authentication credentials. Expected OAuth 2 access token, login cookie or other valid authentication credential. See https://developers.google.com/identity/sign-in/web/devconsole-project.","status":"UNAUTHENTICATED","details":[{"@type":"type.googleapis.com/google.rpc.ErrorInfo","reason":"ACCESS_TOKEN_TYPE_UNSUPPORTED","metadata":{"method":"google.cloudresourcemanager.v1.Projects.TestIamPermissions","service":"cloudresourcemanager.googleapis.com"}}]}}
[debug] [2023-01-05T19:36:46.774Z] [iam] error while checking permissions, command may fail: FirebaseError: HTTP Error: 401, Request had invalid authentication credentials. Expected OAuth 2 access token, login cookie or other valid authentication credential. See https://developers.google.com/identity/sign-in/web/devconsole-project.
[debug] [2023-01-05T19:36:46.774Z] > refreshing access token with scopes: []
[debug] [2023-01-05T19:36:46.774Z] >>> [apiv2][query] POST https://www.googleapis.com/oauth2/v3/token [none]
[debug] [2023-01-05T19:36:46.775Z] >>> [apiv2][body] POST https://www.googleapis.com/oauth2/v3/token [omitted]
[debug] [2023-01-05T19:36:46.876Z] <<< [apiv2][status] POST https://www.googleapis.com/oauth2/v3/token 400
[debug] [2023-01-05T19:36:46.876Z] <<< [apiv2][body] POST https://www.googleapis.com/oauth2/v3/token [omitted]
[debug] [2023-01-05T19:36:46.877Z] >>> [apiv2][query] GET https://firebase.googleapis.com/v1beta1/projects/huerta-249 [none]
[debug] [2023-01-05T19:36:46.985Z] <<< [apiv2][status] GET https://firebase.googleapis.com/v1beta1/projects/huerta-249 401
[debug] [2023-01-05T19:36:46.985Z] <<< [apiv2][body] GET https://firebase.googleapis.com/v1beta1/projects/huerta-249 {"error":{"code":401,"message":"Request had invalid authentication credentials. Expected OAuth 2 access token, login cookie or other valid authentication credential. See https://developers.google.com/identity/sign-in/web/devconsole-project.","status":"UNAUTHENTICATED"}}
[debug] [2023-01-05T19:36:46.985Z] HTTP Error: 401, Request had invalid authentication credentials. Expected OAuth 2 access token, login cookie or other valid authentication credential. See https://developers.google.com/identity/sign-in/web/devconsole-project.
[debug] [2023-01-05T19:36:47.082Z] FirebaseError: HTTP Error: 401, Request had invalid authentication credentials. Expected OAuth 2 access token, login cookie or other valid authentication credential. See https://developers.google.com/identity/sign-in/web/devconsole-project.
    at responseToError (C:\Users\Trabajo\AppData\Roaming\npm\node_modules\firebase-tools\lib\responseToError.js:49:12)
    at RetryOperation._fn (C:\Users\Trabajo\AppData\Roaming\npm\node_modules\firebase-tools\lib\apiv2.js:288:77)
    at processTicksAndRejections (node:internal/process/task_queues:96:5)
[error] 
[error] Error: Failed to get Firebase project huerta-249. Please make sure the project exists and your account has permission to access it.
[debug] [2023-01-05T19:36:58.433Z] ----------------------------------------------------------------------
[debug] [2023-01-05T19:36:58.435Z] Command:       C:\Program Files\nodejs\node.exe C:\Users\Trabajo\AppData\Roaming\npm\node_modules\firebase-tools\lib\bin\firebase.js init
[debug] [2023-01-05T19:36:58.436Z] CLI Version:   11.19.0
[debug] [2023-01-05T19:36:58.436Z] Platform:      win32
[debug] [2023-01-05T19:36:58.436Z] Node Version:  v16.16.0
[debug] [2023-01-05T19:36:58.437Z] Time:          Thu Jan 05 2023 16:36:58 GMT-0300 (hora estándar de Argentina)
[debug] [2023-01-05T19:36:58.437Z] ----------------------------------------------------------------------
[debug] 
[debug] [2023-01-05T19:36:58.536Z] > command requires scopes: ["email","openid","https://www.googleapis.com/auth/cloudplatformprojects.readonly","https://www.googleapis.com/auth/firebase","https://www.googleapis.com/auth/cloud-platform"]
[debug] [2023-01-05T19:36:58.537Z] > authorizing via signed-in user (lucascastro2929@gmail.com)
[info] 
     ######## #### ########  ######## ########     ###     ######  ########
     ##        ##  ##     ## ##       ##     ##  ##   ##  ##       ##
     ######    ##  ########  ######   ########  #########  ######  ######
     ##        ##  ##    ##  ##       ##     ## ##     ##       ## ##
     ##       #### ##     ## ######## ########  ##     ##  ######  ########

You're about to initialize a Firebase project in this directory:

  C:\Users\Trabajo\Desktop\portfol\huerta

Before we get started, keep in mind:

  * You are initializing within an existing Firebase project directory

[info] 
=== Project Setup
[info] 
[info] First, let's associate this project directory with a Firebase project.
[info] You can create multiple project aliases by running firebase use --add, 
[info] but for now we'll just set up a default project.
[info] 
[debug] [2023-01-05T19:37:14.379Z] Using project from CLI flag: huerta-249
[debug] [2023-01-05T19:37:14.381Z] > refreshing access token with scopes: []
[debug] [2023-01-05T19:37:14.384Z] >>> [apiv2][query] POST https://www.googleapis.com/oauth2/v3/token [none]
[debug] [2023-01-05T19:37:14.384Z] >>> [apiv2][body] POST https://www.googleapis.com/oauth2/v3/token [omitted]
[debug] [2023-01-05T19:37:14.529Z] <<< [apiv2][status] POST https://www.googleapis.com/oauth2/v3/token 400
[debug] [2023-01-05T19:37:14.529Z] <<< [apiv2][body] POST https://www.googleapis.com/oauth2/v3/token [omitted]
[debug] [2023-01-05T19:37:14.530Z] >>> [apiv2][query] GET https://firebase.googleapis.com/v1beta1/projects/huerta-249 [none]
[debug] [2023-01-05T19:37:14.622Z] <<< [apiv2][status] GET https://firebase.googleapis.com/v1beta1/projects/huerta-249 401
[debug] [2023-01-05T19:37:14.623Z] <<< [apiv2][body] GET https://firebase.googleapis.com/v1beta1/projects/huerta-249 {"error":{"code":401,"message":"Request had invalid authentication credentials. Expected OAuth 2 access token, login cookie or other valid authentication credential. See https://developers.google.com/identity/sign-in/web/devconsole-project.","status":"UNAUTHENTICATED"}}
[debug] [2023-01-05T19:37:14.623Z] HTTP Error: 401, Request had invalid authentication credentials. Expected OAuth 2 access token, login cookie or other valid authentication credential. See https://developers.google.com/identity/sign-in/web/devconsole-project.
[debug] [2023-01-05T19:37:14.722Z] FirebaseError: HTTP Error: 401, Request had invalid authentication credentials. Expected OAuth 2 access token, login cookie or other valid authentication credential. See https://developers.google.com/identity/sign-in/web/devconsole-project.
    at responseToError (C:\Users\Trabajo\AppData\Roaming\npm\node_modules\firebase-tools\lib\responseToError.js:49:12)
    at RetryOperation._fn (C:\Users\Trabajo\AppData\Roaming\npm\node_modules\firebase-tools\lib\apiv2.js:288:77)
    at processTicksAndRejections (node:internal/process/task_queues:96:5)
[error] 
[error] Error: Failed to get Firebase project huerta-249. Please make sure the project exists and your account has permission to access it.
